  stdafx.cpp
  Lab2.cpp
D:\Навчання\Labs\AI\Lab2\Lab2\Lab2.cpp(7,22): warning C4305: инициализация: усечение из "double" в "float"
D:\Навчання\Labs\AI\Lab2\Lab2\Lab2.cpp(27,13): warning C4244: return: преобразование "double" в "float", возможна потеря данных
D:\Навчання\Labs\AI\Lab2\Lab2\Lab2.cpp(46,13): warning C4244: return: преобразование "long double" в "float", возможна потеря данных
D:\Навчання\Labs\AI\Lab2\Lab2\Lab2.cpp(56,14): warning C4244: return: преобразование "long double" в "float", возможна потеря данных
D:\Навчання\Labs\AI\Lab2\Lab2\Lab2.cpp(65,26): warning C4244: аргумент: преобразование "float" в "int", возможна потеря данных
D:\Навчання\Labs\AI\Lab2\Lab2\Lab2.cpp(65,19): warning C4244: аргумент: преобразование "float" в "int", возможна потеря данных
D:\Навчання\Labs\AI\Lab2\Lab2\Lab2.cpp(66,31): warning C4244: аргумент: преобразование "float" в "int", возможна потеря данных
D:\Навчання\Labs\AI\Lab2\Lab2\Lab2.cpp(66,17): warning C4244: аргумент: преобразование "float" в "int", возможна потеря данных
D:\Навчання\Labs\AI\Lab2\Lab2\Lab2.cpp(67,16): warning C4244: аргумент: преобразование "float" в "int", возможна потеря данных
D:\Навчання\Labs\AI\Lab2\Lab2\Lab2.cpp(68,21): warning C4244: аргумент: преобразование "float" в "int", возможна потеря данных
D:\Навчання\Labs\AI\Lab2\Lab2\Lab2.cpp(68,14): warning C4244: аргумент: преобразование "float" в "int", возможна потеря данных
D:\Навчання\Labs\AI\Lab2\Lab2\Lab2.cpp(74,53): warning C4244: аргумент: преобразование "float" в "int", возможна потеря данных
D:\Навчання\Labs\AI\Lab2\Lab2\Lab2.cpp(74,32): warning C4244: аргумент: преобразование "float" в "int", возможна потеря данных
D:\Навчання\Labs\AI\Lab2\Lab2\Lab2.cpp(75,53): warning C4244: аргумент: преобразование "float" в "int", возможна потеря данных
D:\Навчання\Labs\AI\Lab2\Lab2\Lab2.cpp(75,30): warning C4244: аргумент: преобразование "float" в "int", возможна потеря данных
D:\Навчання\Labs\AI\Lab2\Lab2\Lab2.cpp(94,14): warning C4244: return: преобразование "double" в "float", возможна потеря данных
D:\Навчання\Labs\AI\Lab2\Lab2\Lab2.cpp(103,30): warning C4244: =: преобразование "double" в "float", возможна потеря данных
D:\Навчання\Labs\AI\Lab2\Lab2\Lab2.cpp(130,13): warning C4244: return: преобразование "long double" в "float", возможна потеря данных
D:\Навчання\Labs\AI\Lab2\Lab2\Lab2.cpp(140,13): warning C4244: return: преобразование "long double" в "float", возможна потеря данных
D:\Навчання\Labs\AI\Lab2\Lab2\Lab2.cpp(163,75): warning C4244: =: преобразование "double" в "float", возможна потеря данных
D:\Навчання\Labs\AI\Lab2\Lab2\Lab2.cpp(206,27): warning C4244: =: преобразование "int" в "float", возможна потеря данных
D:\Навчання\Labs\AI\Lab2\Lab2\Lab2.cpp(255,60): warning C4305: аргумент: усечение из "double" в "float"
  Lab2.vcxproj -> D:\Навчання\Labs\AI\Lab2\Debug\Lab2.exe
